<?xml version="1.0"?>
<testsuites>
 <testsuite name="eAI_Class_script" package="AIAPI.suite" timestamp="2018-08-22 13:57:52.210 -0600"
 tests="1"  failures="1" errors="0" time="1.524927">
  <properties>
   <property name="RunDate" value="2018-08-22 13:57:52.210 -0600"/>
   <property name="Status" value="Failure"/>
  </properties>
  <testcase name="eAI_Class.script" assertions="1" status="failure"  time="1.521727">
    <failure type="FAILURE" message="NSInvalidArgumentException -[__NSArrayM length]: unrecognized selector sent to instance 0x604002a58390 -- Execution Time 0:00:01 eAI_Class.script" />
  </testcase>
 </testsuite>
</testsuites>
