<?xml version="1.0"?>
<testsuites>
 <testsuite name="List_script" package="List.suite" timestamp="2019-04-01 14:07:44.180 -0600"
 tests="1"  failures="1" errors="0" time="0.427722">
  <properties>
   <property name="RunDate" value="2019-04-01 14:07:44.180 -0600"/>
   <property name="Status" value="Failure"/>
  </properties>
  <testcase name="List.script" assertions="1" status="failure"  time="0.425829">
    <failure type="FAILURE" message="STUnknownMessage ERROR: No Such Function: 'index' -- Execution Time 0:00:00 List.script" />
  </testcase>
 </testsuite>
</testsuites>
