<?xml version="1.0"?>
<testsuites>
 <testsuite name="Master_script" package="SelfVerify.suite" timestamp="2018-10-18 08:48:24.033 -0600"
 tests="1"  failures="1" errors="0" time="0.003630">
  <properties>
   <property name="RunDate" value="2018-10-18 08:48:24.033 -0600"/>
   <property name="Status" value="Failure"/>
  </properties>
  <testcase name="Master.script" assertions="1" status="failure"  time="0.000739">
    <failure type="FAILURE" message="SenseTalk Compiler Exception in master:\nSyntax Error at line 14: Syntax Error - can't understand &quot;trys&quot; at or near character 110 -- Execution Time 0:00:00 Master.script" />
  </testcase>
 </testsuite>
</testsuites>
