<?xml version="1.0"?>
<testsuites>
 <testsuite name="Untitled_script" package="CLI.suite" timestamp="2018-11-30 14:53:50.017 -0700"
 tests="1"  failures="1" errors="0" time="0.462114">
  <properties>
   <property name="RunDate" value="2018-11-30 14:53:50.017 -0700"/>
   <property name="Status" value="Failure"/>
  </properties>
  <testcase name="Untitled.script" assertions="1" status="failure"  time="0.439378">
    <failure type="FAILURE" message="STUnknownMessage ERROR: No Such Function: 'username' -- Execution Time 0:00:00 Untitled.script" />
  </testcase>
 </testsuite>
</testsuites>
