<?xml version="1.0"?>
<testsuites>
 <testsuite name="Master 1_script" package="OmegaCollection.suite" timestamp="2018-06-06 21:47:33.397 -0500"
 tests="1"  failures="1" errors="1" time="9.686822">
  <properties>
   <property name="RunDate" value="2018-06-06 21:47:33.397 -0500"/>
   <property name="Status" value="Failure"/>
  </properties>
  <testcase name="Master 1.script" assertions="1" status="error"  time="9.681155">
    <failure type="FAILURE" message="Image Not Found click Error - No Image Found On Screen: &quot;Chrome&quot; -- Execution Time 0:00:09 Master 1.script" />
    <error type="Exception" message="No Image Found On Screen: &quot;Chrome&quot;" />
  </testcase>
 </testsuite>
</testsuites>
