<?xml version="1.0"?>
<testsuites>
 <testsuite name="Master_script" package="OmegaCollection.suite" timestamp="2018-06-06 15:35:01.751 -0500"
 tests="1"  failures="1" errors="2" time="9.978175">
  <properties>
   <property name="RunDate" value="2018-06-06 15:35:01.751 -0500"/>
   <property name="Status" value="Failure"/>
  </properties>
  <testcase name="Master.script" assertions="1" status="error"  time="9.976541">
    <failure type="FAILURE" message="File Not Found imageinfo Error - Could Not Open Image:  &quot;Chrome&quot; -- Execution Time 0:00:09 Master.script" />
    <error type="Exception" message="No Image Found On Screen: &quot;Chrome&quot;" />
    <error type="Exception" message="Could Not Open Image:  &quot;Chrome&quot;" />
  </testcase>
 </testsuite>
</testsuites>
