<?xml version="1.0"?>
<testsuites>
 <testsuite name="index2_script" package="Objects.suite" timestamp="2018-08-13 22:35:43.427 -0400"
 tests="1"  failures="1" errors="0" time="0.358246">
  <properties>
   <property name="RunDate" value="2018-08-13 22:35:43.427 -0400"/>
   <property name="Status" value="Failure"/>
  </properties>
  <testcase name="index2.script" assertions="1" status="failure"  time="0.356482">
    <failure type="FAILURE" message="STUnknownMessage ERROR: No Such Function: 'age' -- Execution Time 0:00:00 index2.script" />
  </testcase>
 </testsuite>
</testsuites>
