<?xml version="1.0"?>
<testsuites>
 <testsuite name="index2_script" package="CLI.suite" timestamp="2018-11-30 14:56:30.122 -0700"
 tests="1"  failures="1" errors="0" time="0.076232">
  <properties>
   <property name="RunDate" value="2018-11-30 14:56:30.122 -0700"/>
   <property name="Status" value="Failure"/>
  </properties>
  <testcase name="index2.script" assertions="1" status="failure"  time="0.072619">
    <failure type="FAILURE" message="STUnknownMessage ERROR: No Such Function: 'username' -- Execution Time 0:00:00 index2.script" />
  </testcase>
 </testsuite>
</testsuites>
