2020-03-11 21:33:00.168 -0500	START		Running Write3.script
2020-03-11 21:33:00.929 -0500	EndTestCase		(Duration:"0.759663", Errors:"1", Exceptions:"0", StartTime:"2020-03-11 21:33:00 -0500", Successes:"0", TestCase:"Write3.script", Warnings:"0")
2020-03-11 21:33:01.226 -0500	FAILURE	Screen_Error.png	SenseTalk Runtime Exception Invalid operands for addition: expected numbers, dates and/or lists; got 'testing123' and '' -- Execution Time 0:00:00 Write3.script
2020-03-11 21:33:02.191 -0500	FAILURE	Screen_Error_Web.png	SenseTalk Runtime Exception Invalid operands for addition: expected numbers, dates and/or lists; got 'testing123' and '' -- Execution Time 0:00:00 Write3.script
