2020-03-11 21:34:35.570 -0500	START		Running Write3.script
2020-03-11 21:34:36.279 -0500	EndTestCase		(Duration:"0.706787", Errors:"1", Exceptions:"0", StartTime:"2020-03-11 21:34:35 -0500", Successes:"0", TestCase:"Write3.script", Warnings:"0")
2020-03-11 21:34:36.554 -0500	FAILURE	Screen_Error.png	STUnknownMessage ERROR: No Such Function: 'first_name' -- Execution Time 0:00:00 Write3.script
2020-03-11 21:34:37.226 -0500	FAILURE	Screen_Error_Web.png	STUnknownMessage ERROR: No Such Function: 'first_name' -- Execution Time 0:00:00 Write3.script
