<?xml version="1.0" encoding="UTF-8" ?>
<testsuites>
 <testsuite name="MainTestCase_script" package="RogersPOV.suite" timestamp="2021-04-15 11:01:16.347 -0600"
 tests="1"  failures="1" errors="1" time="15.695971">
  <properties>
   <property name="RunDate" value="2021-04-15 11:01:16.347 -0600"/>
   <property name="Status" value="Failure"/>
  </properties>
  <testcase name="MainTestCase.script" assertions="1" status="error"  time="15.69274">
    <failure type="FAILURE" message="Error Running Script Command scriptresults Error - Unable to locate script named: placeCall -- Execution Time 0:00:15 MainTestCase.script" />
    <error type="Exception" message="Unable to locate script named: placeCall" />
  </testcase>
 </testsuite>
</testsuites>
